c:\oop\oop_cursework\oop_cursework\x64\debug\vc143.pdb
c:\oop\oop_cursework\oop_cursework\x64\debug\vc143.idb
c:\oop\oop_cursework\oop_cursework\x64\debug\test.obj
c:\oop\oop_cursework\oop_cursework\x64\debug\oop_cursework.obj
c:\oop\oop_cursework\oop_cursework\x64\debug\monoclosequestion.obj
c:\oop\oop_cursework\oop_cursework\x64\debug\iquestion.obj
c:\oop\oop_cursework\oop_cursework\x64\debug\openquestion.obj
c:\oop\oop_cursework\oop_cursework\x64\debug\multiclosequestion.obj
c:\oop\oop_cursework\oop_cursework\x64\debug\iuser.obj
c:\oop\oop_cursework\oop_cursework\x64\debug\admin.obj
c:\oop\oop_cursework\oop_cursework\x64\debug\testrepository.obj
c:\oop\oop_cursework\oop_cursework\x64\debug\teststatistic.obj
c:\oop\oop_cursework\oop_cursework\x64\debug\studentstatistic.obj
c:\oop\oop_cursework\oop_cursework\x64\debug\statisticrepository.obj
c:\oop\oop_cursework\oop_cursework\x64\debug\student.obj
c:\oop\oop_cursework\oop_cursework\x64\debug\consolemanager.obj
c:\oop\oop_cursework\oop_cursework\x64\debug\oop_cursework.ilk
c:\oop\oop_cursework\x64\debug\oop_cursework.pdb
c:\oop\oop_cursework\oop_cursework\x64\debug\oop_cursework.tlog\cl.command.1.tlog
c:\oop\oop_cursework\oop_cursework\x64\debug\oop_cursework.tlog\cl.items.tlog
c:\oop\oop_cursework\oop_cursework\x64\debug\oop_cursework.tlog\cl.read.1.tlog
c:\oop\oop_cursework\oop_cursework\x64\debug\oop_cursework.tlog\cl.write.1.tlog
c:\oop\oop_cursework\oop_cursework\x64\debug\oop_cursework.tlog\link-cvtres.read.1.tlog
c:\oop\oop_cursework\oop_cursework\x64\debug\oop_cursework.tlog\link-cvtres.write.1.tlog
c:\oop\oop_cursework\oop_cursework\x64\debug\oop_cursework.tlog\link-rc.read.1.tlog
c:\oop\oop_cursework\oop_cursework\x64\debug\oop_cursework.tlog\link-rc.write.1.tlog
c:\oop\oop_cursework\oop_cursework\x64\debug\oop_cursework.tlog\link.15424-cvtres.read.1.tlog
c:\oop\oop_cursework\oop_cursework\x64\debug\oop_cursework.tlog\link.15424-cvtres.write.1.tlog
c:\oop\oop_cursework\oop_cursework\x64\debug\oop_cursework.tlog\link.15424-rc.read.1.tlog
c:\oop\oop_cursework\oop_cursework\x64\debug\oop_cursework.tlog\link.15424-rc.write.1.tlog
c:\oop\oop_cursework\oop_cursework\x64\debug\oop_cursework.tlog\link.15424.read.1.tlog
c:\oop\oop_cursework\oop_cursework\x64\debug\oop_cursework.tlog\link.15424.read.2.tlog
c:\oop\oop_cursework\oop_cursework\x64\debug\oop_cursework.tlog\link.15424.write.1.tlog
c:\oop\oop_cursework\oop_cursework\x64\debug\oop_cursework.tlog\link.command.1.tlog
c:\oop\oop_cursework\oop_cursework\x64\debug\oop_cursework.tlog\link.read.1.tlog
c:\oop\oop_cursework\oop_cursework\x64\debug\oop_cursework.tlog\link.read.2.tlog
c:\oop\oop_cursework\oop_cursework\x64\debug\oop_cursework.tlog\link.secondary.1.tlog
c:\oop\oop_cursework\oop_cursework\x64\debug\oop_cursework.tlog\link.write.1.tlog
